<?xml version="1.0" encoding="UTF-8"?>
<!-- Generated by org.testng.reporters.JUnitReportReporter -->
<testsuite hostname="48UHBK7Q5PUYVNO" name="testNg.AppTest" tests="1" failures="0" timestamp="25 Mar 2020 07:01:46 GMT" time="808.754" errors="0">
  <testcase name="testAppReplace" time="808.754" classname="testNg.AppTest"/>
</testsuite> <!-- testNg.AppTest -->
